[debug] [2017-11-21T19:00:47.738Z] ----------------------------------------------------------------------
[debug] [2017-11-21T19:00:47.740Z] Command:       /usr/local/bin/node /usr/local/bin/firebase serve --only functions,hosting
[debug] [2017-11-21T19:00:47.740Z] CLI Version:   3.15.2
[debug] [2017-11-21T19:00:47.740Z] Platform:      darwin
[debug] [2017-11-21T19:00:47.741Z] Node Version:  v8.9.1
[debug] [2017-11-21T19:00:47.741Z] Time:          Tue Nov 21 2017 14:00:47 GMT-0500 (EST)
[debug] [2017-11-21T19:00:47.741Z] ----------------------------------------------------------------------
[debug] 
[debug] [2017-11-21T19:00:47.751Z] > command requires scopes: ["email","openid","https://www.googleapis.com/auth/cloudplatformprojects.readonly","https://www.googleapis.com/auth/firebase","https://www.googleapis.com/auth/cloud-platform"]
[debug] [2017-11-21T19:00:47.751Z] > authorizing via signed-in user
[debug] [2017-11-21T19:00:47.753Z] >>> HTTP REQUEST GET https://admin.firebase.com/v1/projects/remote-health-monitoring  
 Tue Nov 21 2017 14:00:47 GMT-0500 (EST)
[debug] [2017-11-21T19:00:48.465Z] <<< HTTP RESPONSE 200
[debug] [2017-11-21T19:00:48.466Z] >>> HTTP REQUEST GET https://admin.firebase.com/v1/database/remote-health-monitoring/tokens  
 Tue Nov 21 2017 14:00:48 GMT-0500 (EST)
[debug] [2017-11-21T19:00:48.933Z] <<< HTTP RESPONSE 200
[info] 
[info] === Serving from '/Users/Kyle/Desktop/firebase-web'...
[info] 
[info] i  functions: Preparing to emulate functions.
[debug] [2017-11-21T19:00:49.166Z] >>> HTTP REQUEST GET https://appengine.googleapis.com/v1/apps/remote-health-monitoring  
 Tue Nov 21 2017 14:00:49 GMT-0500 (EST)
[debug] [2017-11-21T19:00:49.167Z] >>> HTTP REQUEST GET https://apikeys.googleapis.com/v1/projects/remote-health-monitoring/apiKeys  
 Tue Nov 21 2017 14:00:49 GMT-0500 (EST)
[debug] [2017-11-21T19:00:49.167Z] >>> HTTP REQUEST GET https://cloudresourcemanager.googleapis.com/v1/projects/remote-health-monitoring  
 Tue Nov 21 2017 14:00:49 GMT-0500 (EST)
[debug] [2017-11-21T19:00:49.490Z] <<< HTTP RESPONSE 200
[debug] [2017-11-21T19:00:49.506Z] <<< HTTP RESPONSE 200
[debug] [2017-11-21T19:00:49.507Z] >>> HTTP REQUEST GET https://mobilesdk-pa.googleapis.com/v1/projects/163149250970/clients/_:getWebAppConfig  
 Tue Nov 21 2017 14:00:49 GMT-0500 (EST)
[debug] [2017-11-21T19:00:49.550Z] <<< HTTP RESPONSE 200
[debug] [2017-11-21T19:00:49.852Z] <<< HTTP RESPONSE 200
[info] i  hosting: Serving hosting files from: public
[info] ✔  hosting: Local server: http://localhost:5000

[info] [hosting] Rewriting / to local function app
[info] ✔  functions: app: http://localhost:5001/remote-health-monitoring/us-central1/app
[info] [hosting] Rewriting /index to local function app
[info] [hosting] Rewriting /pair to local function app
